[debug] [2025-01-02T18:13:00.242Z] ----------------------------------------------------------------------
[debug] [2025-01-02T18:13:00.245Z] Command:       C:\Program Files\nodejs\node.exe C:\Users\RAJ ENTERPRISES\AppData\Roaming\npm\node_modules\firebase-tools\lib\bin\firebase.js init
[debug] [2025-01-02T18:13:00.246Z] CLI Version:   13.29.1
[debug] [2025-01-02T18:13:00.246Z] Platform:      win32
[debug] [2025-01-02T18:13:00.246Z] Node Version:  v20.17.0
[debug] [2025-01-02T18:13:00.246Z] Time:          Thu Jan 02 2025 23:43:00 GMT+0530 (India Standard Time)
[debug] [2025-01-02T18:13:00.246Z] ----------------------------------------------------------------------
[debug] 
[debug] [2025-01-02T18:13:00.321Z] > command requires scopes: ["email","openid","https://www.googleapis.com/auth/cloudplatformprojects.readonly","https://www.googleapis.com/auth/firebase","https://www.googleapis.com/auth/cloud-platform"]
[debug] [2025-01-02T18:13:00.321Z] > authorizing via signed-in user (prince12845sharma@gmail.com)
[info] 
     ######## #### ########  ######## ########     ###     ######  ########
     ##        ##  ##     ## ##       ##     ##  ##   ##  ##       ##
     ######    ##  ########  ######   ########  #########  ######  ######
     ##        ##  ##    ##  ##       ##     ## ##     ##       ## ##
     ##       #### ##     ## ######## ########  ##     ##  ######  ########

You're about to initialize a Firebase project in this directory:

  D:\firebase-chat-app-master\firebase-chat-app-master

Before we get started, keep in mind:

  * You are initializing within an existing Firebase project directory

[info] 
=== Project Setup
[info] 
[info] First, let's associate this project directory with a Firebase project.
[info] You can create multiple project aliases by running firebase use --add, 
[info] but for now we'll just set up a default project.
[info] 
[debug] [2025-01-02T18:13:05.927Z] Using project from CLI flag: sofia-67aa2
[debug] [2025-01-02T18:13:05.928Z] Checked if tokens are valid: true, expires at: 1735844264216
[debug] [2025-01-02T18:13:05.928Z] Checked if tokens are valid: true, expires at: 1735844264216
[debug] [2025-01-02T18:13:05.929Z] >>> [apiv2][query] GET https://firebase.googleapis.com/v1beta1/projects/sofia-67aa2 [none]
[debug] [2025-01-02T18:13:06.498Z] <<< [apiv2][status] GET https://firebase.googleapis.com/v1beta1/projects/sofia-67aa2 403
[debug] [2025-01-02T18:13:06.499Z] <<< [apiv2][body] GET https://firebase.googleapis.com/v1beta1/projects/sofia-67aa2 {"error":{"code":403,"message":"The caller does not have permission","status":"PERMISSION_DENIED"}}
[debug] [2025-01-02T18:13:06.501Z] Request to https://firebase.googleapis.com/v1beta1/projects/sofia-67aa2 had HTTP Error: 403, The caller does not have permission
[debug] [2025-01-02T18:13:06.701Z] FirebaseError: Request to https://firebase.googleapis.com/v1beta1/projects/sofia-67aa2 had HTTP Error: 403, The caller does not have permission
    at responseToError (C:\Users\RAJ ENTERPRISES\AppData\Roaming\npm\node_modules\firebase-tools\lib\responseToError.js:52:12)
    at RetryOperation._fn (C:\Users\RAJ ENTERPRISES\AppData\Roaming\npm\node_modules\firebase-tools\lib\apiv2.js:312:77)
    at process.processTicksAndRejections (node:internal/process/task_queues:95:5)
[error] 
[error] Error: Failed to get Firebase project sofia-67aa2. Please make sure the project exists and your account has permission to access it.
[debug] [2025-01-02T18:15:02.155Z] ----------------------------------------------------------------------
[debug] [2025-01-02T18:15:02.158Z] Command:       C:\Program Files\nodejs\node.exe C:\Users\RAJ ENTERPRISES\AppData\Roaming\npm\node_modules\firebase-tools\lib\bin\firebase.js init
[debug] [2025-01-02T18:15:02.159Z] CLI Version:   13.29.1
[debug] [2025-01-02T18:15:02.159Z] Platform:      win32
[debug] [2025-01-02T18:15:02.159Z] Node Version:  v20.17.0
[debug] [2025-01-02T18:15:02.159Z] Time:          Thu Jan 02 2025 23:45:02 GMT+0530 (India Standard Time)
[debug] [2025-01-02T18:15:02.159Z] ----------------------------------------------------------------------
[debug] 
[debug] [2025-01-02T18:15:02.233Z] > command requires scopes: ["email","openid","https://www.googleapis.com/auth/cloudplatformprojects.readonly","https://www.googleapis.com/auth/firebase","https://www.googleapis.com/auth/cloud-platform"]
[debug] [2025-01-02T18:15:02.233Z] > authorizing via signed-in user (prince12845sharma@gmail.com)
[info] 
     ######## #### ########  ######## ########     ###     ######  ########
     ##        ##  ##     ## ##       ##     ##  ##   ##  ##       ##
     ######    ##  ########  ######   ########  #########  ######  ######
     ##        ##  ##    ##  ##       ##     ## ##     ##       ## ##
     ##       #### ##     ## ######## ########  ##     ##  ######  ########

You're about to initialize a Firebase project in this directory:

  D:\firebase-chat-app-master\firebase-chat-app-master

Before we get started, keep in mind:

  * You are initializing within an existing Firebase project directory

[info] 
=== Project Setup
[info] 
[info] First, let's associate this project directory with a Firebase project.
[info] You can create multiple project aliases by running firebase use --add, 
[info] but for now we'll just set up a default project.
[info] 
[debug] [2025-01-02T18:15:12.458Z] Using project from CLI flag: sofia-67aa2
[debug] [2025-01-02T18:15:12.459Z] Checked if tokens are valid: true, expires at: 1735844264216
[debug] [2025-01-02T18:15:12.459Z] Checked if tokens are valid: true, expires at: 1735844264216
[debug] [2025-01-02T18:15:12.461Z] >>> [apiv2][query] GET https://firebase.googleapis.com/v1beta1/projects/sofia-67aa2 [none]
[debug] [2025-01-02T18:15:13.071Z] <<< [apiv2][status] GET https://firebase.googleapis.com/v1beta1/projects/sofia-67aa2 403
[debug] [2025-01-02T18:15:13.072Z] <<< [apiv2][body] GET https://firebase.googleapis.com/v1beta1/projects/sofia-67aa2 {"error":{"code":403,"message":"The caller does not have permission","status":"PERMISSION_DENIED"}}
[debug] [2025-01-02T18:15:13.075Z] Request to https://firebase.googleapis.com/v1beta1/projects/sofia-67aa2 had HTTP Error: 403, The caller does not have permission
[debug] [2025-01-02T18:15:13.305Z] FirebaseError: Request to https://firebase.googleapis.com/v1beta1/projects/sofia-67aa2 had HTTP Error: 403, The caller does not have permission
    at responseToError (C:\Users\RAJ ENTERPRISES\AppData\Roaming\npm\node_modules\firebase-tools\lib\responseToError.js:52:12)
    at RetryOperation._fn (C:\Users\RAJ ENTERPRISES\AppData\Roaming\npm\node_modules\firebase-tools\lib\apiv2.js:312:77)
    at process.processTicksAndRejections (node:internal/process/task_queues:95:5)
[error] 
[error] Error: Failed to get Firebase project sofia-67aa2. Please make sure the project exists and your account has permission to access it.
[debug] [2025-01-02T18:17:13.612Z] ----------------------------------------------------------------------
[debug] [2025-01-02T18:17:13.624Z] Command:       C:\Program Files\nodejs\node.exe C:\Users\RAJ ENTERPRISES\AppData\Roaming\npm\node_modules\firebase-tools\lib\bin\firebase.js init
[debug] [2025-01-02T18:17:13.625Z] CLI Version:   13.29.1
[debug] [2025-01-02T18:17:13.626Z] Platform:      win32
[debug] [2025-01-02T18:17:13.627Z] Node Version:  v20.17.0
[debug] [2025-01-02T18:17:13.627Z] Time:          Thu Jan 02 2025 23:47:13 GMT+0530 (India Standard Time)
[debug] [2025-01-02T18:17:13.628Z] ----------------------------------------------------------------------
[debug] 
[debug] [2025-01-02T18:17:14.119Z] > command requires scopes: ["email","openid","https://www.googleapis.com/auth/cloudplatformprojects.readonly","https://www.googleapis.com/auth/firebase","https://www.googleapis.com/auth/cloud-platform"]
[debug] [2025-01-02T18:17:14.120Z] > authorizing via signed-in user (prince12845sharma@gmail.com)
[info] 
     ######## #### ########  ######## ########     ###     ######  ########
     ##        ##  ##     ## ##       ##     ##  ##   ##  ##       ##
     ######    ##  ########  ######   ########  #########  ######  ######
     ##        ##  ##    ##  ##       ##     ## ##     ##       ## ##
     ##       #### ##     ## ######## ########  ##     ##  ######  ########

You're about to initialize a Firebase project in this directory:

  D:\firebase-chat-app-master\firebase-chat-app-master

Before we get started, keep in mind:

  * You are initializing within an existing Firebase project directory

[info] 
=== Project Setup
[info] 
[info] First, let's associate this project directory with a Firebase project.
[info] You can create multiple project aliases by running firebase use --add, 
[info] but for now we'll just set up a default project.
[info] 
[debug] [2025-01-02T18:17:20.063Z] Using project from CLI flag: sofia-67aa2
[debug] [2025-01-02T18:17:20.064Z] Checked if tokens are valid: true, expires at: 1735844264216
[debug] [2025-01-02T18:17:20.065Z] Checked if tokens are valid: true, expires at: 1735844264216
[debug] [2025-01-02T18:17:20.066Z] >>> [apiv2][query] GET https://firebase.googleapis.com/v1beta1/projects/sofia-67aa2 [none]
[debug] [2025-01-02T18:17:20.870Z] <<< [apiv2][status] GET https://firebase.googleapis.com/v1beta1/projects/sofia-67aa2 403
[debug] [2025-01-02T18:17:20.870Z] <<< [apiv2][body] GET https://firebase.googleapis.com/v1beta1/projects/sofia-67aa2 {"error":{"code":403,"message":"The caller does not have permission","status":"PERMISSION_DENIED"}}
[debug] [2025-01-02T18:17:20.871Z] Request to https://firebase.googleapis.com/v1beta1/projects/sofia-67aa2 had HTTP Error: 403, The caller does not have permission
[debug] [2025-01-02T18:17:21.069Z] FirebaseError: Request to https://firebase.googleapis.com/v1beta1/projects/sofia-67aa2 had HTTP Error: 403, The caller does not have permission
    at responseToError (C:\Users\RAJ ENTERPRISES\AppData\Roaming\npm\node_modules\firebase-tools\lib\responseToError.js:52:12)
    at RetryOperation._fn (C:\Users\RAJ ENTERPRISES\AppData\Roaming\npm\node_modules\firebase-tools\lib\apiv2.js:312:77)
    at process.processTicksAndRejections (node:internal/process/task_queues:95:5)
[error] 
[error] Error: Failed to get Firebase project sofia-67aa2. Please make sure the project exists and your account has permission to access it.
